\BOOKMARK [0][-]{chapter.0}{Table of Contents}{}% 1
\BOOKMARK [0][-]{chapter*.4}{List of Tables}{}% 2
\BOOKMARK [0][-]{chapter*.5}{List of Figures}{}% 3
\BOOKMARK [0][-]{chapter*.6}{Abstract}{}% 4
\BOOKMARK [0][-]{chapter.1}{1 Introduction}{}% 5
\BOOKMARK [1][-]{section.1.1}{1.1 Prologue to Plasma}{chapter.1}% 6
\BOOKMARK [1][-]{section.1.2}{1.2 Introduction To Plasma}{chapter.1}% 7
\BOOKMARK [1][-]{section.1.3}{1.3 Plasma in Near-Earth Environment}{chapter.1}% 8
\BOOKMARK [1][-]{section.1.4}{1.4 Studying Space Plasmas}{chapter.1}% 9
\BOOKMARK [1][-]{section.1.5}{1.5 In This Thesis}{chapter.1}% 10
\BOOKMARK [0][-]{chapter.2}{2 Kinetic theory and linear microkinetic instabilities}{}% 11
\BOOKMARK [1][-]{section.2.1}{2.1 Introduction to Plasma Kinetic Theory}{chapter.2}% 12
\BOOKMARK [2][-]{subsection.2.1.1}{2.1.1 Equations of motion}{section.2.1}% 13
\BOOKMARK [2][-]{subsection.2.1.2}{2.1.2 Distribution Function and Other Definitions}{section.2.1}% 14
\BOOKMARK [1][-]{section.2.2}{2.2 Linear Microkinetic Instabilities}{chapter.2}% 15
\BOOKMARK [2][-]{subsection.2.2.1}{2.2.1 The Linear Dispersion Relation}{section.2.2}% 16
\BOOKMARK [2][-]{subsection.2.2.2}{2.2.2 Temperature Anisotropy Induced Instabilities}{section.2.2}% 17
\BOOKMARK [2][-]{subsection.2.2.3}{2.2.3 Computing Growth Rates}{section.2.2}% 18
\BOOKMARK [1][-]{section.2.3}{2.3 Application of linear theory and observational evidence}{chapter.2}% 19
\BOOKMARK [1][-]{section.2.4}{2.4 Limitations of linear theory}{chapter.2}% 20
\BOOKMARK [0][-]{chapter.3}{3 Non-linear Plasma Dynamics}{}% 21
\BOOKMARK [1][-]{section.3.1}{3.1 Introduction to Turbulence}{chapter.3}% 22
\BOOKMARK [1][-]{section.3.2}{3.2 Consequences of Turbulence in Space Plasmas}{chapter.3}% 23
\BOOKMARK [2][-]{subsection.3.2.1}{3.2.1 Heating of plasma}{section.3.2}% 24
\BOOKMARK [2][-]{subsection.3.2.2}{3.2.2 Anisotropy}{section.3.2}% 25
\BOOKMARK [2][-]{subsection.3.2.3}{3.2.3 Intermittency}{section.3.2}% 26
\BOOKMARK [1][-]{section.3.3}{3.3 Linear and Non-linear Time Scales}{chapter.3}% 27
\BOOKMARK [0][-]{chapter.4}{4 Datasets and Analysis Methods}{}% 28
\BOOKMARK [1][-]{section.4.1}{4.1 Spacecraft datasets}{chapter.4}% 29
\BOOKMARK [2][-]{subsection.4.1.1}{4.1.1 Wind}{section.4.1}% 30
\BOOKMARK [2][-]{subsection.4.1.2}{4.1.2 MMS}{section.4.1}% 31
\BOOKMARK [2][-]{subsection.4.1.3}{4.1.3 PSP}{section.4.1}% 32
\BOOKMARK [1][-]{section.4.2}{4.2 Simulation datasets}{chapter.4}% 33
\BOOKMARK [2][-]{subsection.4.2.1}{4.2.1 MHD Simulations}{section.4.2}% 34
\BOOKMARK [2][-]{subsection.4.2.2}{4.2.2 Hybrid Simulations}{section.4.2}% 35
\BOOKMARK [2][-]{subsection.4.2.3}{4.2.3 Kinetic Simulations}{section.4.2}% 36
\BOOKMARK [0][-]{chapter.5}{5 Association of Intermittency and Microinstabilities}{}% 37
\BOOKMARK [1][-]{section.5.1}{5.1 Overview}{chapter.5}% 38
\BOOKMARK [1][-]{section.5.2}{5.2 Introduction}{chapter.5}% 39
\BOOKMARK [1][-]{section.5.3}{5.3 Data and Analysis}{chapter.5}% 40
\BOOKMARK [2][-]{subsection.5.3.1}{5.3.1 PIC Simulation}{section.5.3}% 41
\BOOKMARK [2][-]{subsection.5.3.2}{5.3.2 Space Observations}{section.5.3}% 42
\BOOKMARK [1][-]{section.5.4}{5.4 Results}{chapter.5}% 43
\BOOKMARK [2][-]{subsection.5.4.1}{5.4.1 PIC simulation}{section.5.4}% 44
\BOOKMARK [2][-]{subsection.5.4.2}{5.4.2 Spacecraft Observations}{section.5.4}% 45
\BOOKMARK [1][-]{section.5.5}{5.5 Discussions}{chapter.5}% 46
\BOOKMARK [0][-]{chapter.6}{6 Temperature Enhancement Along Intermittent Structures}{}% 47
\BOOKMARK [1][-]{section.6.1}{6.1 Overview}{chapter.6}% 48
\BOOKMARK [1][-]{section.6.2}{6.2 Introduction}{chapter.6}% 49
\BOOKMARK [1][-]{section.6.3}{6.3 Background}{chapter.6}% 50
\BOOKMARK [1][-]{section.6.4}{6.4 Data Selection and Methodology}{chapter.6}% 51
\BOOKMARK [1][-]{section.6.5}{6.5 Results}{chapter.6}% 52
\BOOKMARK [1][-]{section.6.6}{6.6 Discussions}{chapter.6}% 53
\BOOKMARK [0][-]{chapter.7}{7 Interplay between linear and non-linear processes}{}% 54
\BOOKMARK [1][-]{section.7.1}{7.1 Overview}{chapter.7}% 55
\BOOKMARK [1][-]{section.7.2}{7.2 Introduction}{chapter.7}% 56
\BOOKMARK [1][-]{section.7.3}{7.3 Data Selection and Methodology}{chapter.7}% 57
\BOOKMARK [1][-]{section.7.4}{7.4 Results}{chapter.7}% 58
\BOOKMARK [1][-]{section.7.5}{7.5 Discussions}{chapter.7}% 59
\BOOKMARK [0][-]{chapter.8}{8 Magnetic Field Topology Reconstruction Using Machine Learning Algorithm}{}% 60
\BOOKMARK [1][-]{section.8.1}{8.1 Overview}{chapter.8}% 61
\BOOKMARK [1][-]{section.8.2}{8.2 Introduction}{chapter.8}% 62
\BOOKMARK [1][-]{section.8.3}{8.3 Background}{chapter.8}% 63
\BOOKMARK [2][-]{subsection.8.3.1}{8.3.1 Gaussian Processes Regression}{section.8.3}% 64
\BOOKMARK [1][-]{section.8.4}{8.4 Kernels in Gaussian Processes}{chapter.8}% 65
\BOOKMARK [1][-]{section.8.5}{8.5 Synthetic Data Generation}{chapter.8}% 66
\BOOKMARK [1][-]{section.8.6}{8.6 Methodology}{chapter.8}% 67
\BOOKMARK [1][-]{section.8.7}{8.7 Results}{chapter.8}% 68
\BOOKMARK [1][-]{section.8.8}{8.8 Discussions}{chapter.8}% 69
\BOOKMARK [0][-]{chapter.9}{9 Conclusion}{}% 70
\BOOKMARK [1][-]{section.9.1}{9.1 Broader Context}{chapter.9}% 71
\BOOKMARK [1][-]{section.9.2}{9.2 Summary of Key Results}{chapter.9}% 72
\BOOKMARK [0][-]{section*.48}{A Brazil Plots}{}% 73
\BOOKMARK [0][-]{section*.54}{B CGL invariants}{}% 74
\BOOKMARK [0][-]{section*.55}{C Gaussian Processes Algorithm}{}% 75
\BOOKMARK [0][-]{section*.56}{D Permission Letter}{}% 76
